<?xml version="1.0" encoding="UTF-8"?>
<testng-results ignored="0" total="1" passed="1" failed="0" skipped="0">
  <reporter-output>
  </reporter-output>
  <suite started-at="2025-08-04T22:35:29 IST" name="Default suite" finished-at="2025-08-04T22:35:45 IST" duration-ms="15120">
    <groups>
    </groups>
    <test started-at="2025-08-04T22:35:29 IST" name="Default test" finished-at="2025-08-04T22:35:45 IST" duration-ms="15120">
      <class name="Test.webDriverMethod">
        <test-method is-config="true" signature="setup()[pri:0, instance:Test.webDriverMethod@192c3f1e]" started-at="2025-08-04T22:35:30 IST" name="setup" finished-at="2025-08-04T22:35:39 IST" duration-ms="9224" status="PASS">
          <reporter-output>
          </reporter-output>
        </test-method> <!-- setup -->
        <test-method signature="loginTest()[pri:0, instance:Test.webDriverMethod@192c3f1e]" started-at="2025-08-04T22:35:39 IST" name="loginTest" finished-at="2025-08-04T22:35:44 IST" duration-ms="5306" status="PASS">
          <reporter-output>
          </reporter-output>
        </test-method> <!-- loginTest -->
        <test-method is-config="true" signature="TearDown()[pri:0, instance:Test.webDriverMethod@192c3f1e]" started-at="2025-08-04T22:35:44 IST" name="TearDown" finished-at="2025-08-04T22:35:45 IST" duration-ms="537" status="PASS">
          <reporter-output>
          </reporter-output>
        </test-method> <!-- TearDown -->
      </class> <!-- Test.webDriverMethod -->
    </test> <!-- Default test -->
  </suite> <!-- Default suite -->
</testng-results>
